# JRE version: OpenJDK Runtime Environment Temurin-21.0.4+7 (21.0.4+7) (build 21.0.4+7-LTS)
# Java VM: OpenJDK 64-Bit Server VM Temurin-21.0.4+7 (21.0.4+7-LTS, mixed mode, emulated-client, tiered, compressed oops, compressed class ptrs, g1 gc, windows-amd64)
GC Precious Log:
 CardTable entry size: 512
 Card Set container configuration: InlinePtr #cards 5 size 8 Array Of Cards #cards 12 size 40 Howl #buckets 4 coarsen threshold 1843 Howl Bitmap #cards 512 size 80 coarsen threshold 460 Card regions per heap region 1 cards per card region 2048
 CPUs: 4 total, 4 available
 Memory: 4007M
 Large Page Support: Disabled
 NUMA Support: Disabled
 Compressed Oops: Enabled (32-bit)
 Heap Region Size: 1M
 Heap Min Capacity: 8M
 Heap Initial Capacity: 64M
 Heap Max Capacity: 1G
 Pre-touch: Disabled
 Parallel Workers: 4
 Concurrent Workers: 1
 Concurrent Refinement Workers: 4
 Periodic GC: Disabled
Heap:
 garbage-first heap   total 99328K, used 40317K [0x00000000c0000000, 0x0000000100000000)
  region size 1024K, 1 young (1024K), 0 survivors (0K)
 Metaspace       used 66376K, committed 67136K, reserved 1114112K
  class space    used 7948K, committed 8320K, reserved 1048576K
GC Heap History (20 events):
Event: 9813.506 GC heap after
{Heap after GC invocations=917 (full 885):
 garbage-first heap   total 99328K, used 40317K [0x00000000c0000000, 0x0000000100000000)
  region size 1024K, 0 young (0K), 0 survivors (0K)
 Metaspace       used 66376K, committed 67136K, reserved 1114112K
  class space    used 7948K, committed 8320K, reserved 1048576K
}
Event: 9823.801 GC heap before
{Heap before GC invocations=917 (full 885):
 garbage-first heap   total 99328K, used 40317K [0x00000000c0000000, 0x0000000100000000)
  region size 1024K, 1 young (1024K), 0 survivors (0K)
 Metaspace       used 66376K, committed 67136K, reserved 1114112K
  class space    used 7948K, committed 8320K, reserved 1048576K
}
Event: 9823.888 GC heap after
{Heap after GC invocations=918 (full 886):
 garbage-first heap   total 99328K, used 40317K [0x00000000c0000000, 0x0000000100000000)
  region size 1024K, 0 young (0K), 0 survivors (0K)
 Metaspace       used 66376K, committed 67136K, reserved 1114112K
  class space    used 7948K, committed 8320K, reserved 1048576K
}
Event: 9834.122 GC heap before
{Heap before GC invocations=918 (full 886):
 garbage-first heap   total 99328K, used 40317K [0x00000000c0000000, 0x0000000100000000)
  region size 1024K, 1 young (1024K), 0 survivors (0K)
 Metaspace       used 66376K, committed 67136K, reserved 1114112K
  class space    used 7948K, committed 8320K, reserved 1048576K
}
Event: 9834.201 GC heap after
{Heap after GC invocations=919 (full 887):
 garbage-first heap   total 99328K, used 40317K [0x00000000c0000000, 0x0000000100000000)
  region size 1024K, 0 young (0K), 0 survivors (0K)
 Metaspace       used 66376K, committed 67136K, reserved 1114112K
  class space    used 7948K, committed 8320K, reserved 1048576K
}
Event: 9844.456 GC heap before
{Heap before GC invocations=919 (full 887):
 garbage-first heap   total 99328K, used 40317K [0x00000000c0000000, 0x0000000100000000)
  region size 1024K, 1 young (1024K), 0 survivors (0K)
 Metaspace       used 66376K, committed 67136K, reserved 1114112K
  class space    used 7948K, committed 8320K, reserved 1048576K
}
Event: 9844.522 GC heap after
{Heap after GC invocations=920 (full 888):
 garbage-first heap   total 99328K, used 40317K [0x00000000c0000000, 0x0000000100000000)
  region size 1024K, 0 young (0K), 0 survivors (0K)
 Metaspace       used 66376K, committed 67136K, reserved 1114112K
  class space    used 7948K, committed 8320K, reserved 1048576K
}
Event: 9854.877 GC heap before
{Heap before GC invocations=920 (full 888):
 garbage-first heap   total 99328K, used 40317K [0x00000000c0000000, 0x0000000100000000)
  region size 1024K, 1 young (1024K), 0 survivors (0K)
 Metaspace       used 66376K, committed 67136K, reserved 1114112K
  class space    used 7948K, committed 8320K, reserved 1048576K
}
Event: 9854.939 GC heap after
{Heap after GC invocations=921 (full 889):
 garbage-first heap   total 99328K, used 40317K [0x00000000c0000000, 0x0000000100000000)
  region size 1024K, 0 young (0K), 0 survivors (0K)
 Metaspace       used 66376K, committed 67136K, reserved 1114112K
  class space    used 7948K, committed 8320K, reserved 1048576K
}
Event: 9865.163 GC heap before
{Heap before GC invocations=921 (full 889):
 garbage-first heap   total 99328K, used 40317K [0x00000000c0000000, 0x0000000100000000)
  region size 1024K, 1 young (1024K), 0 survivors (0K)
 Metaspace       used 66376K, committed 67136K, reserved 1114112K
  class space    used 7948K, committed 8320K, reserved 1048576K
}
Event: 9865.246 GC heap after
{Heap after GC invocations=922 (full 890):
 garbage-first heap   total 99328K, used 40317K [0x00000000c0000000, 0x0000000100000000)
  region size 1024K, 0 young (0K), 0 survivors (0K)
 Metaspace       used 66376K, committed 67136K, reserved 1114112K
  class space    used 7948K, committed 8320K, reserved 1048576K
}
Event: 9875.490 GC heap before
{Heap before GC invocations=922 (full 890):
 garbage-first heap   total 99328K, used 40317K [0x00000000c0000000, 0x0000000100000000)
  region size 1024K, 1 young (1024K), 0 survivors (0K)
 Metaspace       used 66376K, committed 67136K, reserved 1114112K
  class space    used 7948K, committed 8320K, reserved 1048576K
}
Event: 9875.588 GC heap after
{Heap after GC invocations=923 (full 891):
 garbage-first heap   total 99328K, used 40317K [0x00000000c0000000, 0x0000000100000000)
  region size 1024K, 0 young (0K), 0 survivors (0K)
 Metaspace       used 66376K, committed 67136K, reserved 1114112K
  class space    used 7948K, committed 8320K, reserved 1048576K
}
Event: 9885.844 GC heap before
{Heap before GC invocations=923 (full 891):
 garbage-first heap   total 99328K, used 40317K [0x00000000c0000000, 0x0000000100000000)
  region size 1024K, 1 young (1024K), 0 survivors (0K)
 Metaspace       used 66376K, committed 67136K, reserved 1114112K
  class space    used 7948K, committed 8320K, reserved 1048576K
}
Event: 9885.913 GC heap after
{Heap after GC invocations=924 (full 892):
 garbage-first heap   total 99328K, used 40317K [0x00000000c0000000, 0x0000000100000000)
  region size 1024K, 0 young (0K), 0 survivors (0K)
 Metaspace       used 66376K, committed 67136K, reserved 1114112K
  class space    used 7948K, committed 8320K, reserved 1048576K
}
Event: 9896.347 GC heap before
{Heap before GC invocations=924 (full 892):
 garbage-first heap   total 99328K, used 40317K [0x00000000c0000000, 0x0000000100000000)
  region size 1024K, 1 young (1024K), 0 survivors (0K)
 Metaspace       used 66376K, committed 67136K, reserved 1114112K
  class space    used 7948K, committed 8320K, reserved 1048576K
}
Event: 9896.424 GC heap after
{Heap after GC invocations=925 (full 893):
 garbage-first heap   total 99328K, used 40317K [0x00000000c0000000, 0x0000000100000000)
  region size 1024K, 0 young (0K), 0 survivors (0K)
 Metaspace       used 66376K, committed 67136K, reserved 1114112K
  class space    used 7948K, committed 8320K, reserved 1048576K
}
Event: 9909.008 GC heap before
{Heap before GC invocations=925 (full 893):
 garbage-first heap   total 99328K, used 40317K [0x00000000c0000000, 0x0000000100000000)
  region size 1024K, 1 young (1024K), 0 survivors (0K)
 Metaspace       used 66376K, committed 67136K, reserved 1114112K
  class space    used 7948K, committed 8320K, reserved 1048576K
}
Event: 9909.088 GC heap after
{Heap after GC invocations=926 (full 894):
 garbage-first heap   total 99328K, used 40317K [0x00000000c0000000, 0x0000000100000000)
  region size 1024K, 0 young (0K), 0 survivors (0K)
 Metaspace       used 66376K, committed 67136K, reserved 1114112K
  class space    used 7948K, committed 8320K, reserved 1048576K
}
Event: 9919.295 GC heap before
{Heap before GC invocations=926 (full 894):
 garbage-first heap   total 99328K, used 40317K [0x00000000c0000000, 0x0000000100000000)
  region size 1024K, 1 young (1024K), 0 survivors (0K)
 Metaspace       used 66376K, committed 67136K, reserved 1114112K
  class space    used 7948K, committed 8320K, reserved 1048576K
}

